<?xml version="1.0" encoding="UTF-8"?>
<!-- Generated by org.testng.reporters.JUnitReportReporter -->
<testsuite skipped="0" hostname="gipl-102" name="Login_script" tests="8" failures="0" timestamp="2019-10-30T15:33:11 IST" time="55.465" errors="0">
  <testcase name="Blank_data" time="8.283" classname="Login_script"/>
  <testcase name="valid_username_and_blank_password" time="0.817" classname="Login_script"/>
  <testcase name="Invalid_username_and_blank_password" time="0.524" classname="Login_script"/>
  <testcase name="blank_username_and_valid_password" time="0.898" classname="Login_script"/>
  <testcase name="wrong_username_and_wrong_password" time="7.112" classname="Login_script"/>
  <testcase name="valid_username_and_wrong_password" time="8.101" classname="Login_script"/>
  <testcase name="invalid_email_forget_password" time="20.736" classname="Login_script"/>
  <testcase name="valid_username_and_valid_password" time="8.994" classname="Login_script"/>
</testsuite> <!-- Login_script -->
