<?xml version="1.0" encoding="UTF-8"?>
<!-- Generated by org.testng.reporters.JUnitReportReporter -->
<testsuite skipped="0" hostname="gipl-102" name="cart_mini_popup" tests="8" failures="0" timestamp="2019-11-12T18:38:52 IST" time="94.294" errors="0">
  <testcase name="open_empty_cart_popup" time="2.300" classname="cart_mini_popup"/>
  <testcase name="validate_empty_cart_popup" time="20.056" classname="cart_mini_popup"/>
  <testcase name="validate_products_in_cart_popup" time="3.156" classname="cart_mini_popup"/>
  <testcase name="validate_products_amount_in_cart_popup" time="3.454" classname="cart_mini_popup"/>
  <testcase name="update_product_quantity_in_cart_popup" time="9.213" classname="cart_mini_popup"/>
  <testcase name="delete_product_from_cart_popup" time="26.368" classname="cart_mini_popup"/>
  <testcase name="proceed_to_checkout" time="21.288" classname="cart_mini_popup"/>
  <testcase name="view_shopping_cart" time="8.459" classname="cart_mini_popup"/>
</testsuite> <!-- cart_mini_popup -->
