<?xml version="1.0" encoding="UTF-8"?>
<!-- Generated by org.testng.reporters.JUnitReportReporter -->
<testsuite skipped="0" hostname="gipl-102" name="cart_popup" tests="5" failures="0" timestamp="2019-10-24T14:05:08 IST" time="37.553" errors="0">
  <testcase name="add_cart_popup" time="9.959" classname="cart_popup"/>
  <testcase name="open_nonempty_cart_popup" time="3.460" classname="cart_popup"/>
  <testcase name="validate_products_in_cart_popup" time="3.237" classname="cart_popup"/>
  <testcase name="validate_products_amount_in_cart_popup" time="3.321" classname="cart_popup"/>
  <testcase name="update_product_quantity_in_cart_popup" time="17.576" classname="cart_popup"/>
</testsuite> <!-- cart_popup -->
