<?xml version="1.0" encoding="UTF-8"?>
<!-- Generated by org.testng.reporters.JUnitReportReporter -->
<testsuite skipped="0" hostname="gipl-102" name="xtreme" tests="1" failures="0" timestamp="2019-10-03T12:34:14 IST" time="20.867" errors="0">
  <testcase name="wrongemail" time="20.867" classname="xtreme"/>
</testsuite> <!-- xtreme -->
