<?xml version="1.0" encoding="UTF-8"?>
<!-- Generated by org.testng.reporters.JUnitReportReporter -->
<testsuite skipped="0" hostname="gipl-102" name="product_details_script" tests="10" failures="0" timestamp="2019-10-30T15:33:11 IST" time="122.075" errors="0">
  <testcase name="open_product_details" time="8.111" classname="product_details_script"/>
  <testcase name="product_add" time="23.104" classname="product_details_script"/>
  <testcase name="product_options" time="20.391" classname="product_details_script"/>
  <testcase name="validate_qty" time="2.465" classname="product_details_script"/>
  <testcase name="insert_qyt" time="4.173" classname="product_details_script"/>
  <testcase name="add_product" time="6.332" classname="product_details_script"/>
  <testcase name="wishList" time="17.320" classname="product_details_script"/>
  <testcase name="tab_intend" time="2.270" classname="product_details_script"/>
  <testcase name="review_blank" time="27.822" classname="product_details_script"/>
  <testcase name="review" time="10.087" classname="product_details_script"/>
</testsuite> <!-- product_details_script -->
