<?xml version="1.0" encoding="UTF-8"?>
<!-- Generated by org.testng.reporters.JUnitReportReporter -->
<testsuite skipped="0" hostname="gipl-102" name="test" tests="7" failures="0" timestamp="2019-10-01T14:41:29 IST" time="74.580" errors="0">
  <testcase name="wrongentry" time="18.168" classname="test"/>
  <testcase name="wrongentry1" time="9.076" classname="test"/>
  <testcase name="wrongentry2" time="9.095" classname="test"/>
  <testcase name="wrongentry3" time="9.018" classname="test"/>
  <testcase name="wrongentry4" time="10.079" classname="test"/>
  <testcase name="wrongentry5" time="9.185" classname="test"/>
  <testcase name="correctentry" time="9.959" classname="test"/>
</testsuite> <!-- test -->
