<?xml version="1.0" encoding="UTF-8"?>
<!-- Generated by org.testng.reporters.JUnitReportReporter -->
<testsuite skipped="0" hostname="gipl-102" name="product_listing_script" tests="1" failures="0" timestamp="2019-10-18T17:45:34 IST" time="8.033" errors="0">
  <testcase name="sort_data" time="8.033" classname="product_listing_script"/>
</testsuite> <!-- product_listing_script -->
