<?xml version="1.0" encoding="UTF-8"?>
<!-- Generated by org.testng.reporters.JUnitReportReporter -->
<testsuite skipped="0" hostname="gipl-102" name="signup_script" tests="8" failures="0" timestamp="2019-11-12T18:38:52 IST" time="50.313" errors="0">
  <testcase name="with_blank_fields" time="1.802" classname="signup_script"/>
  <testcase name="Phone_no" time="1.282" classname="signup_script"/>
  <testcase name="invalid_email" time="1.364" classname="signup_script"/>
  <testcase name="invalid_password" time="1.312" classname="signup_script"/>
  <testcase name="confirm_password" time="1.737" classname="signup_script"/>
  <testcase name="fax_no" time="1.253" classname="signup_script"/>
  <testcase name="registered_email" time="10.824" classname="signup_script"/>
  <testcase name="valid_data" time="30.739" classname="signup_script"/>
</testsuite> <!-- signup_script -->
