<?xml version="1.0" encoding="UTF-8"?>
<!-- Generated by org.testng.reporters.JUnitReportReporter -->
<testsuite skipped="0" hostname="gipl-102" name="search_field_script" tests="1" failures="0" timestamp="2019-10-03T17:10:33 IST" time="12.573" errors="0">
  <testcase name="search" time="12.573" classname="search_field_script"/>
</testsuite> <!-- search_field_script -->
