<?xml version="1.0" encoding="UTF-8"?>
<!-- Generated by org.testng.reporters.JUnitReportReporter -->
<testsuite skipped="0" hostname="gipl-102" name="product_details_script" tests="9" failures="0" timestamp="2019-10-23T12:22:47 IST" time="132.277" errors="0">
  <testcase name="product_add" time="23.218" classname="product_details_script"/>
  <testcase name="product_options" time="20.618" classname="product_details_script"/>
  <testcase name="validate_qty" time="2.443" classname="product_details_script"/>
  <testcase name="insert_qyt" time="4.332" classname="product_details_script"/>
  <testcase name="add_product" time="6.377" classname="product_details_script"/>
  <testcase name="wishList" time="34.881" classname="product_details_script"/>
  <testcase name="tab_intend" time="2.319" classname="product_details_script"/>
  <testcase name="review_blank" time="27.901" classname="product_details_script"/>
  <testcase name="review" time="10.188" classname="product_details_script"/>
</testsuite> <!-- product_details_script -->
