<?xml version="1.0" encoding="UTF-8"?>
<!-- Generated by org.testng.reporters.JUnitReportReporter -->
<testsuite skipped="0" hostname="gipl-102" name="shopping_cart" tests="7" failures="0" timestamp="2019-11-12T18:38:52 IST" time="89.463" errors="0">
  <testcase name="validate_products" time="1.280" classname="shopping_cart"/>
  <testcase name="discount_invalid" time="30.845" classname="shopping_cart"/>
  <testcase name="discount_valid" time="15.178" classname="shopping_cart"/>
  <testcase name="update_cart" time="15.059" classname="shopping_cart"/>
  <testcase name="delete_product" time="0.251" classname="shopping_cart"/>
  <testcase name="order_total" time="6.544" classname="shopping_cart"/>
  <testcase name="proceed_to_checkout" time="20.306" classname="shopping_cart"/>
</testsuite> <!-- shopping_cart -->
