<?xml version="1.0" encoding="UTF-8"?>
<!-- Generated by org.testng.reporters.JUnitReportReporter -->
<testsuite skipped="0" hostname="gipl-102" name="product_details_script" tests="10" failures="0" timestamp="2019-11-12T18:38:52 IST" time="98.965" errors="0">
  <testcase name="open_product_details" time="8.312" classname="product_details_script"/>
  <testcase name="product_add" time="4.393" classname="product_details_script"/>
  <testcase name="product_options" time="6.457" classname="product_details_script"/>
  <testcase name="validate_qty" time="2.405" classname="product_details_script"/>
  <testcase name="insert_qyt" time="4.269" classname="product_details_script"/>
  <testcase name="add_product" time="6.665" classname="product_details_script"/>
  <testcase name="wishList" time="19.520" classname="product_details_script"/>
  <testcase name="tab_intend" time="4.462" classname="product_details_script"/>
  <testcase name="review_blank" time="27.802" classname="product_details_script"/>
  <testcase name="review" time="14.680" classname="product_details_script"/>
</testsuite> <!-- product_details_script -->
