<?xml version="1.0" encoding="UTF-8"?>
<!-- Generated by org.testng.reporters.JUnitReportReporter -->
<testsuite skipped="0" hostname="gipl-102" name="product_listing_script" tests="1" failures="0" timestamp="2019-10-30T15:33:11 IST" time="14.140" errors="0">
  <testcase name="sort_data" time="14.140" classname="product_listing_script"/>
</testsuite> <!-- product_listing_script -->
