<?xml version="1.0" encoding="UTF-8"?>
<!-- Generated by org.testng.reporters.JUnitReportReporter -->
<testsuite skipped="0" hostname="gipl-102" name="Login_script" tests="8" failures="0" timestamp="2019-11-12T18:38:52 IST" time="49.327" errors="0">
  <testcase name="Blank_data" time="4.198" classname="Login_script"/>
  <testcase name="valid_username_and_blank_password" time="0.821" classname="Login_script"/>
  <testcase name="Invalid_username_and_blank_password" time="0.565" classname="Login_script"/>
  <testcase name="blank_username_and_valid_password" time="0.865" classname="Login_script"/>
  <testcase name="wrong_username_and_wrong_password" time="6.072" classname="Login_script"/>
  <testcase name="valid_username_and_wrong_password" time="9.558" classname="Login_script"/>
  <testcase name="invalid_email_forget_password" time="19.276" classname="Login_script"/>
  <testcase name="valid_username_and_valid_password" time="7.972" classname="Login_script"/>
</testsuite> <!-- Login_script -->
