<?xml version="1.0" encoding="UTF-8"?>
<!-- Generated by org.testng.reporters.JUnitReportReporter -->
<testsuite skipped="0" hostname="gipl-102" name="home_page_script" tests="9" failures="0" timestamp="2019-10-30T15:33:11 IST" time="433.429" errors="0">
  <testcase name="top_head" time="79.678" classname="home_page_script"/>
  <testcase name="validate_logo" time="0.173" classname="home_page_script"/>
  <testcase name="container" time="6.211" classname="home_page_script"/>
  <testcase name="head_menu" time="175.072" classname="home_page_script"/>
  <testcase name="footer" time="117.316" classname="home_page_script"/>
  <testcase name="newsletter_with_wrong_email" time="0.800" classname="home_page_script"/>
  <testcase name="newsletter" time="27.872" classname="home_page_script"/>
  <testcase name="newsletter_with_already_registered_email" time="7.275" classname="home_page_script"/>
  <testcase name="search_field" time="19.032" classname="home_page_script"/>
</testsuite> <!-- home_page_script -->
