<?xml version="1.0" encoding="UTF-8"?>
<!-- Generated by org.testng.reporters.JUnitReportReporter -->
<testsuite skipped="0" hostname="gipl-102" name="signup_script" tests="8" failures="0" timestamp="2019-10-16T19:06:41 IST" time="45.494" errors="0">
  <testcase name="with_blank_fields" time="1.939" classname="signup_script"/>
  <testcase name="Phone_no" time="1.314" classname="signup_script"/>
  <testcase name="invalid_email" time="1.405" classname="signup_script"/>
  <testcase name="invalid_password" time="1.315" classname="signup_script"/>
  <testcase name="confirm_password" time="1.802" classname="signup_script"/>
  <testcase name="fax_no" time="1.257" classname="signup_script"/>
  <testcase name="registered_email" time="12.422" classname="signup_script"/>
  <testcase name="valid_data" time="24.040" classname="signup_script"/>
</testsuite> <!-- signup_script -->
