<?xml version="1.0" encoding="UTF-8"?>
<!-- Generated by org.testng.reporters.JUnitReportReporter -->
<testsuite skipped="0" hostname="gipl-102" name="Login_script" tests="8" failures="0" timestamp="2019-10-23T12:58:00 IST" time="55.245" errors="0">
  <testcase name="Blank_data" time="1.331" classname="Login_script"/>
  <testcase name="valid_username_and_blank_password" time="1.462" classname="Login_script"/>
  <testcase name="Invalid_username_and_blank_password" time="0.579" classname="Login_script"/>
  <testcase name="blank_username_and_valid_password" time="0.920" classname="Login_script"/>
  <testcase name="wrong_username_and_wrong_password" time="6.880" classname="Login_script"/>
  <testcase name="valid_username_and_wrong_password" time="7.710" classname="Login_script"/>
  <testcase name="invalid_email_forget_password" time="24.889" classname="Login_script"/>
  <testcase name="valid_username_and_valid_password" time="11.474" classname="Login_script"/>
</testsuite> <!-- Login_script -->
