<?xml version="1.0" encoding="UTF-8"?>
<!-- Generated by org.testng.reporters.JUnitReportReporter -->
<testsuite skipped="0" hostname="gipl-102" name="code_repo.test" tests="7" failures="0" timestamp="2019-10-01T09:54:09 IST" time="26.550" errors="0">
  <testcase name="wrongentry" time="6.438" classname="code_repo.test"/>
  <testcase name="wrongentry1" time="3.496" classname="code_repo.test"/>
  <testcase name="wrongentry2" time="3.081" classname="code_repo.test"/>
  <testcase name="wrongentry3" time="3.361" classname="code_repo.test"/>
  <testcase name="wrongentry4" time="3.147" classname="code_repo.test"/>
  <testcase name="wrongentry5" time="3.120" classname="code_repo.test"/>
  <testcase name="correctentry" time="3.907" classname="code_repo.test"/>
</testsuite> <!-- code_repo.test -->
