<?xml version="1.0" encoding="UTF-8"?>
<!-- Generated by org.testng.reporters.JUnitReportReporter -->
<testsuite skipped="0" hostname="gipl-102" name="product_listing_script" tests="1" failures="0" timestamp="2019-11-12T18:38:52 IST" time="13.679" errors="0">
  <testcase name="sort_data" time="13.679" classname="product_listing_script"/>
</testsuite> <!-- product_listing_script -->
