<?xml version="1.0" encoding="UTF-8"?>
<!-- Generated by org.testng.reporters.JUnitReportReporter -->
<testsuite skipped="0" hostname="gipl-102" name="signup_script" tests="8" failures="0" timestamp="2019-10-30T15:33:11 IST" time="37.360" errors="0">
  <testcase name="with_blank_fields" time="1.960" classname="signup_script"/>
  <testcase name="Phone_no" time="1.296" classname="signup_script"/>
  <testcase name="invalid_email" time="1.252" classname="signup_script"/>
  <testcase name="invalid_password" time="1.341" classname="signup_script"/>
  <testcase name="confirm_password" time="1.746" classname="signup_script"/>
  <testcase name="fax_no" time="1.156" classname="signup_script"/>
  <testcase name="registered_email" time="11.371" classname="signup_script"/>
  <testcase name="valid_data" time="17.238" classname="signup_script"/>
</testsuite> <!-- signup_script -->
